2021-04-01 14:00:30,693 INFO notifyConnectTimeout:200

2021-04-01 14:00:30,695 INFO notifySocketTimeout:8000

2021-04-01 14:00:30,695 INFO isHealthCheck:true

2021-04-01 14:00:30,695 INFO maxHealthCheckFailCount:12

2021-04-01 14:00:30,695 INFO maxContent:10485760

2021-04-01 14:00:40,462 INFO Schema 'NACOS' already exists.

2021-04-01 14:00:40,768 INFO Table/View 'CONFIG_INFO' already exists in Schema 'NACOS'.

2021-04-01 14:00:41,570 INFO Table/View 'HIS_CONFIG_INFO' already exists in Schema 'NACOS'.

2021-04-01 14:00:41,855 INFO Table/View 'CONFIG_INFO_BETA' already exists in Schema 'NACOS'.

2021-04-01 14:00:42,040 INFO Table/View 'CONFIG_INFO_TAG' already exists in Schema 'NACOS'.

2021-04-01 14:00:42,227 INFO Table/View 'CONFIG_INFO_AGGR' already exists in Schema 'NACOS'.

2021-04-01 14:00:42,508 INFO Table/View 'APP_LIST' already exists in Schema 'NACOS'.

2021-04-01 14:00:42,676 INFO Table/View 'APP_CONFIGDATA_RELATION_SUBS' already exists in Schema 'NACOS'.

2021-04-01 14:00:42,824 INFO Table/View 'APP_CONFIGDATA_RELATION_PUBS' already exists in Schema 'NACOS'.

2021-04-01 14:00:42,986 INFO Table/View 'CONFIG_TAGS_RELATION' already exists in Schema 'NACOS'.

2021-04-01 14:00:43,220 INFO Table/View 'GROUP_CAPACITY' already exists in Schema 'NACOS'.

2021-04-01 14:00:43,406 INFO Table/View 'TENANT_CAPACITY' already exists in Schema 'NACOS'.

2021-04-01 14:00:43,580 INFO Table/View 'TENANT_INFO' already exists in Schema 'NACOS'.

2021-04-01 14:00:43,830 INFO Table/View 'USERS' already exists in Schema 'NACOS'.

2021-04-01 14:00:43,964 INFO Table/View 'ROLES' already exists in Schema 'NACOS'.

2021-04-01 14:00:44,904 INFO The statement was aborted because it would have caused a duplicate key value in a unique or primary key constraint or unique index identified by 'SQL210303112110020' defined on 'USERS'.

2021-04-01 14:00:49,920 INFO ServerListService address-server port:8848

2021-04-01 14:00:49,924 INFO ADDRESS_SERVER_URL:http://jmenv.tbsite.net:8080/nacos/serverlist

2021-04-01 14:00:49,926 WARN [serverlist] updated to [10.60.3.22]

2021-04-01 14:00:50,586 WARN DumpService start

2021-04-01 14:00:50,605 INFO start clear all config-info.

2021-04-01 14:00:50,713 WARN clear all config-info failed.

2021-04-01 14:00:50,713 WARN clear all config-info-tenant failed.

2021-04-01 14:00:51,304 INFO start clear all config-info-beta.

2021-04-01 14:00:51,304 WARN clear all config-info-beta failed.

2021-04-01 14:00:51,304 WARN clear all config-info-beta-tenant failed.

2021-04-01 14:00:51,578 INFO start clear all config-info-tag.

2021-04-01 14:00:51,578 WARN clear all config-info-tag failed.

2021-04-01 14:00:51,578 WARN clear all config-info-tag-tenant failed.

