2021-04-01 01:22:10,571 INFO [capacityManagement] start correct usage

2021-04-01 01:22:10,606 WARN clearConfigHistory start

2021-04-01 01:22:18,477 INFO [capacityManagement] end correct usage, cost: 1s

2021-04-01 01:32:20,896 INFO [capacityManagement] start correct usage

2021-04-01 01:32:20,946 INFO [capacityManagement] end correct usage, cost: 0s

2021-04-01 01:32:20,951 WARN clearConfigHistory start

2021-04-01 01:42:21,302 INFO [capacityManagement] start correct usage

2021-04-01 01:42:21,303 INFO [capacityManagement] end correct usage, cost: 0s

2021-04-01 01:42:21,318 WARN clearConfigHistory start

2021-04-01 02:06:08,517 INFO [capacityManagement] start correct usage

2021-04-01 02:06:08,628 WARN clearConfigHistory start

2021-04-01 02:06:13,524 INFO [capacityManagement] end correct usage, cost: 5s

2021-04-01 02:16:13,191 INFO [capacityManagement] start correct usage

2021-04-01 02:16:13,195 INFO [capacityManagement] end correct usage, cost: 0s

2021-04-01 02:16:13,261 WARN clearConfigHistory start

2021-04-01 02:26:13,071 INFO [capacityManagement] start correct usage

2021-04-01 02:26:13,072 INFO [capacityManagement] end correct usage, cost: 0s

2021-04-01 02:26:13,138 WARN clearConfigHistory start

2021-04-01 02:36:13,044 INFO [capacityManagement] start correct usage

2021-04-01 02:36:13,046 INFO [capacityManagement] end correct usage, cost: 0s

2021-04-01 02:36:13,126 WARN clearConfigHistory start

2021-04-01 02:46:13,285 INFO [capacityManagement] start correct usage

2021-04-01 02:46:13,301 INFO [capacityManagement] end correct usage, cost: 0s

2021-04-01 02:46:13,395 WARN clearConfigHistory start

2021-04-01 02:56:13,701 INFO [capacityManagement] start correct usage

2021-04-01 02:56:13,703 INFO [capacityManagement] end correct usage, cost: 0s

2021-04-01 02:56:13,798 WARN clearConfigHistory start

2021-04-01 03:06:13,755 INFO [capacityManagement] start correct usage

2021-04-01 03:06:13,756 INFO [capacityManagement] end correct usage, cost: 0s

2021-04-01 03:06:13,851 WARN clearConfigHistory start

2021-04-01 04:11:34,518 INFO [capacityManagement] start correct usage

2021-04-01 04:11:34,577 WARN clearConfigHistory start

2021-04-01 04:11:39,971 INFO [capacityManagement] end correct usage, cost: 5s

2021-04-01 04:21:35,653 INFO [capacityManagement] start correct usage

2021-04-01 04:21:35,697 INFO [capacityManagement] end correct usage, cost: 0s

2021-04-01 04:21:37,525 WARN clearConfigHistory start

2021-04-01 04:31:35,024 INFO [capacityManagement] start correct usage

2021-04-01 04:31:35,025 INFO [capacityManagement] end correct usage, cost: 0s

2021-04-01 04:31:36,867 WARN clearConfigHistory start

2021-04-01 04:41:34,966 INFO [capacityManagement] start correct usage

2021-04-01 04:41:34,967 INFO [capacityManagement] end correct usage, cost: 0s

2021-04-01 04:41:36,867 WARN clearConfigHistory start

2021-04-01 04:51:34,911 INFO [capacityManagement] start correct usage

2021-04-01 04:51:34,934 INFO [capacityManagement] end correct usage, cost: 0s

2021-04-01 04:51:36,861 WARN clearConfigHistory start

2021-04-01 05:24:18,592 WARN clearConfigHistory start

2021-04-01 05:24:18,599 INFO [capacityManagement] start correct usage

2021-04-01 05:24:19,114 INFO [capacityManagement] end correct usage, cost: 0s

2021-04-01 05:34:22,630 WARN clearConfigHistory start

2021-04-01 05:34:23,151 INFO [capacityManagement] start correct usage

2021-04-01 05:34:23,152 INFO [capacityManagement] end correct usage, cost: 0s

2021-04-01 05:44:23,262 WARN clearConfigHistory start

2021-04-01 05:44:23,781 INFO [capacityManagement] start correct usage

2021-04-01 05:44:23,782 INFO [capacityManagement] end correct usage, cost: 0s

2021-04-01 09:03:29,635 WARN clearConfigHistory start

2021-04-01 09:03:29,640 INFO [capacityManagement] start correct usage

2021-04-01 09:03:29,642 INFO [capacityManagement] end correct usage, cost: 0s

2021-04-01 09:13:24,730 WARN clearConfigHistory start

2021-04-01 09:13:24,732 INFO [capacityManagement] start correct usage

2021-04-01 09:13:25,191 INFO [capacityManagement] end correct usage, cost: 0s

2021-04-01 09:23:24,054 WARN clearConfigHistory start

2021-04-01 09:23:24,502 INFO [capacityManagement] start correct usage

2021-04-01 09:23:24,504 INFO [capacityManagement] end correct usage, cost: 0s

2021-04-01 09:33:24,087 WARN clearConfigHistory start

2021-04-01 09:33:24,417 INFO [capacityManagement] start correct usage

2021-04-01 09:33:24,418 INFO [capacityManagement] end correct usage, cost: 0s

2021-04-01 09:43:24,032 WARN clearConfigHistory start

2021-04-01 09:43:24,361 INFO [capacityManagement] start correct usage

2021-04-01 09:43:24,398 INFO [capacityManagement] end correct usage, cost: 0s

2021-04-01 09:53:24,014 WARN clearConfigHistory start

2021-04-01 09:53:24,372 INFO [capacityManagement] start correct usage

2021-04-01 09:53:24,373 INFO [capacityManagement] end correct usage, cost: 0s

2021-04-01 10:03:24,012 WARN clearConfigHistory start

2021-04-01 10:03:24,347 INFO [capacityManagement] start correct usage

2021-04-01 10:03:24,349 INFO [capacityManagement] end correct usage, cost: 0s

2021-04-01 10:13:23,992 WARN clearConfigHistory start

2021-04-01 10:13:24,323 INFO [capacityManagement] start correct usage

2021-04-01 10:13:24,324 INFO [capacityManagement] end correct usage, cost: 0s

2021-04-01 10:23:23,982 WARN clearConfigHistory start

2021-04-01 10:23:24,298 INFO [capacityManagement] start correct usage

2021-04-01 10:23:24,298 INFO [capacityManagement] end correct usage, cost: 0s

2021-04-01 10:33:24,002 WARN clearConfigHistory start

2021-04-01 10:33:24,398 INFO [capacityManagement] start correct usage

2021-04-01 10:33:24,425 INFO [capacityManagement] end correct usage, cost: 0s

2021-04-01 10:43:23,989 WARN clearConfigHistory start

2021-04-01 10:43:24,401 INFO [capacityManagement] start correct usage

2021-04-01 10:43:24,401 INFO [capacityManagement] end correct usage, cost: 0s

2021-04-01 10:53:23,972 WARN clearConfigHistory start

2021-04-01 10:53:24,375 INFO [capacityManagement] start correct usage

2021-04-01 10:53:24,376 INFO [capacityManagement] end correct usage, cost: 0s

2021-04-01 11:03:23,948 WARN clearConfigHistory start

2021-04-01 11:03:24,353 INFO [capacityManagement] start correct usage

2021-04-01 11:03:24,363 INFO [capacityManagement] end correct usage, cost: 0s

2021-04-01 11:13:24,006 WARN clearConfigHistory start

2021-04-01 11:13:24,405 INFO [capacityManagement] start correct usage

2021-04-01 11:13:24,438 INFO [capacityManagement] end correct usage, cost: 0s

2021-04-01 11:23:23,981 WARN clearConfigHistory start

2021-04-01 11:23:24,412 INFO [capacityManagement] start correct usage

2021-04-01 11:23:24,415 INFO [capacityManagement] end correct usage, cost: 0s

2021-04-01 11:33:23,955 WARN clearConfigHistory start

2021-04-01 11:33:24,387 INFO [capacityManagement] start correct usage

2021-04-01 11:33:24,402 INFO [capacityManagement] end correct usage, cost: 0s

2021-04-01 11:43:23,967 WARN clearConfigHistory start

2021-04-01 11:43:24,412 INFO [capacityManagement] start correct usage

2021-04-01 11:43:24,421 INFO [capacityManagement] end correct usage, cost: 0s

2021-04-01 11:53:23,987 WARN clearConfigHistory start

2021-04-01 11:53:24,418 INFO [capacityManagement] start correct usage

2021-04-01 11:53:24,419 INFO [capacityManagement] end correct usage, cost: 0s

2021-04-01 12:03:23,963 WARN clearConfigHistory start

2021-04-01 12:03:24,393 INFO [capacityManagement] start correct usage

2021-04-01 12:03:24,395 INFO [capacityManagement] end correct usage, cost: 0s

2021-04-01 12:13:23,957 WARN clearConfigHistory start

2021-04-01 12:13:24,382 INFO [capacityManagement] start correct usage

2021-04-01 12:13:24,385 INFO [capacityManagement] end correct usage, cost: 0s

2021-04-01 12:23:23,981 WARN clearConfigHistory start

2021-04-01 12:23:24,406 INFO [capacityManagement] start correct usage

2021-04-01 12:23:24,409 INFO [capacityManagement] end correct usage, cost: 0s

2021-04-01 12:33:23,991 WARN clearConfigHistory start

2021-04-01 12:33:24,383 INFO [capacityManagement] start correct usage

2021-04-01 12:33:24,385 INFO [capacityManagement] end correct usage, cost: 0s

2021-04-01 12:43:23,996 WARN clearConfigHistory start

2021-04-01 12:43:24,358 INFO [capacityManagement] start correct usage

2021-04-01 12:43:24,359 INFO [capacityManagement] end correct usage, cost: 0s

2021-04-01 12:53:23,971 WARN clearConfigHistory start

2021-04-01 12:53:24,333 INFO [capacityManagement] start correct usage

2021-04-01 12:53:24,336 INFO [capacityManagement] end correct usage, cost: 0s

2021-04-01 13:18:44,520 WARN clearConfigHistory start

2021-04-01 13:18:50,779 INFO [capacityManagement] start correct usage

2021-04-01 13:18:50,781 INFO [capacityManagement] end correct usage, cost: 0s

2021-04-01 13:28:49,774 WARN clearConfigHistory start

2021-04-01 13:28:56,061 INFO [capacityManagement] start correct usage

2021-04-01 13:28:56,063 INFO [capacityManagement] end correct usage, cost: 0s

2021-04-01 13:38:50,690 WARN clearConfigHistory start

2021-04-01 13:38:56,945 INFO [capacityManagement] start correct usage

2021-04-01 13:38:56,948 INFO [capacityManagement] end correct usage, cost: 0s

2021-04-01 13:48:50,824 WARN clearConfigHistory start

2021-04-01 13:48:57,076 INFO [capacityManagement] start correct usage

2021-04-01 13:48:57,078 INFO [capacityManagement] end correct usage, cost: 0s

2021-04-01 14:00:06,580 INFO Starting Nacos v1.1.4 on xuzhiqiang-PC with PID 8188 (D:\mybatis-plus-demo\nacos-server-1.1.4\nacos\target\nacos-server.jar started by xuzhiqiang in D:\mybatis-plus-demo\nacos-server-1.1.4\nacos\bin)

2021-04-01 14:00:06,620 INFO The following profiles are active: standalone

2021-04-01 14:00:20,908 INFO Bean 'org.springframework.security.config.annotation.configuration.ObjectPostProcessorConfiguration' of type [org.springframework.security.config.annotation.configuration.ObjectPostProcessorConfiguration$$EnhancerBySpringCGLIB$$bd514026] is not eligible for getting processed by all BeanPostProcessors (for example: not eligible for auto-proxying)

2021-04-01 14:00:21,380 INFO Bean 'objectPostProcessor' of type [org.springframework.security.config.annotation.configuration.AutowireBeanFactoryObjectPostProcessor] is not eligible for getting processed by all BeanPostProcessors (for example: not eligible for auto-proxying)

2021-04-01 14:00:21,390 INFO Bean 'org.springframework.security.access.expression.method.DefaultMethodSecurityExpressionHandler@496bc455' of type [org.springframework.security.access.expression.method.DefaultMethodSecurityExpressionHandler] is not eligible for getting processed by all BeanPostProcessors (for example: not eligible for auto-proxying)

2021-04-01 14:00:21,390 INFO Bean 'org.springframework.security.config.annotation.method.configuration.GlobalMethodSecurityConfiguration' of type [org.springframework.security.config.annotation.method.configuration.GlobalMethodSecurityConfiguration$$EnhancerBySpringCGLIB$$e225e2d8] is not eligible for getting processed by all BeanPostProcessors (for example: not eligible for auto-proxying)

2021-04-01 14:00:21,400 INFO Bean 'methodSecurityMetadataSource' of type [org.springframework.security.access.method.DelegatingMethodSecurityMetadataSource] is not eligible for getting processed by all BeanPostProcessors (for example: not eligible for auto-proxying)

2021-04-01 14:00:24,796 INFO Tomcat initialized with port(s): 8848 (http)

2021-04-01 14:00:25,208 INFO Starting service [Tomcat]

2021-04-01 14:00:25,208 INFO Starting Servlet Engine: Apache Tomcat/9.0.13

2021-04-01 14:00:25,349 INFO The APR based Apache Tomcat Native library which allows optimal performance in production environments was not found on the java.library.path: [D:\soft\java\jdk\bin;C:\Windows\Sun\Java\bin;C:\Windows\system32;C:\Windows;C:\ProgramData\Oracle\Java\javapath;C:\Windows\system32;C:\Windows;C:\Windows\System32\Wbem;C:\Windows\System32\WindowsPowerShell\v1.0\;C:\Program Files\TortoiseSVN\bin;D:\soft\git\Git\cmd;D:\soft\java\jdk\bin;D:\soft\apache-maven-3.6.3\bin;D:\soft\Node\nvm;D:\soft\Node\nodejs;D:\soft\node.js\;;D:\soft\VS Code\Microsoft VS Code\bin;D:\soft\Node\nvm;D:\soft\Node\nodejs;C:\Users\xuzhiqiang.GBCOM\AppData\Roaming\npm;D:\soft\SSH\SSH Secure Shell;D:\soft\Bandizip\;.]

2021-04-01 14:00:26,806 INFO Initializing Spring embedded WebApplicationContext

2021-04-01 14:00:26,806 INFO Root WebApplicationContext: initialization completed in 19108 ms

2021-04-01 14:00:51,784 INFO Use Mysql as the driver

2021-04-01 14:00:54,005 INFO Initializing ExecutorService 'applicationTaskExecutor'

2021-04-01 14:00:55,412 INFO Adding welcome page: class path resource [static/index.html]

2021-04-01 14:00:57,911 INFO Creating filter chain: Ant [pattern='/'], []

2021-04-01 14:00:57,912 INFO Creating filter chain: Ant [pattern='/**/*.css'], []

2021-04-01 14:00:57,912 INFO Creating filter chain: Ant [pattern='/**/*.js'], []

2021-04-01 14:00:57,912 INFO Creating filter chain: Ant [pattern='/**/*.html'], []

2021-04-01 14:00:57,913 INFO Creating filter chain: Ant [pattern='/**/*.map'], []

2021-04-01 14:00:57,913 INFO Creating filter chain: Ant [pattern='/**/*.svg'], []

2021-04-01 14:00:57,913 INFO Creating filter chain: Ant [pattern='/**/*.png'], []

2021-04-01 14:00:57,914 INFO Creating filter chain: Ant [pattern='/**/*.ico'], []

2021-04-01 14:00:57,914 INFO Creating filter chain: Ant [pattern='/console-fe/public/**'], []

2021-04-01 14:00:57,915 INFO Creating filter chain: Ant [pattern='/v1/auth/login'], []

2021-04-01 14:00:57,915 INFO Creating filter chain: Ant [pattern='/v1/console/health/**'], []

2021-04-01 14:00:57,917 INFO Creating filter chain: Ant [pattern='/v1/cs/**'], []

2021-04-01 14:00:57,918 INFO Creating filter chain: Ant [pattern='/v1/ns/**'], []

2021-04-01 14:00:57,918 INFO Creating filter chain: Ant [pattern='/v1/cmdb/**'], []

2021-04-01 14:00:57,918 INFO Creating filter chain: Ant [pattern='/actuator/**'], []

2021-04-01 14:00:57,919 INFO Creating filter chain: Ant [pattern='/v1/console/server/**'], []

2021-04-01 14:00:58,018 INFO Creating filter chain: any request, [org.springframework.security.web.context.request.async.WebAsyncManagerIntegrationFilter@129b4fe2, org.springframework.security.web.context.SecurityContextPersistenceFilter@75459c75, org.springframework.security.web.header.HeaderWriterFilter@328cf0e1, org.springframework.security.web.authentication.logout.LogoutFilter@2a3c96e3, com.alibaba.nacos.console.filter.JwtAuthenticationTokenFilter@5af3a0f, org.springframework.security.web.savedrequest.RequestCacheAwareFilter@45efc20d, org.springframework.security.web.servletapi.SecurityContextHolderAwareRequestFilter@b78a709, org.springframework.security.web.authentication.AnonymousAuthenticationFilter@19ae6bb, org.springframework.security.web.session.SessionManagementFilter@42e3ede4, org.springframework.security.web.access.ExceptionTranslationFilter@10c626be, org.springframework.security.web.access.intercept.FilterSecurityInterceptor@505a9d7c]

2021-04-01 14:00:58,419 INFO Exposing 2 endpoint(s) beneath base path '/actuator'

2021-04-01 14:00:58,489 INFO Initializing ExecutorService 'taskScheduler'

2021-04-01 14:00:59,090 INFO Tomcat started on port(s): 8848 (http) with context path '/nacos'

2021-04-01 14:00:59,100 INFO Started Nacos in 61.311 seconds (JVM running for 67.127)

2021-04-01 14:00:59,100 INFO Nacos Log files: D:\mybatis-plus-demo\nacos-server-1.1.4\nacos/logs/

2021-04-01 14:00:59,104 INFO Nacos Conf files: D:\mybatis-plus-demo\nacos-server-1.1.4\nacos/conf/

2021-04-01 14:00:59,105 INFO Nacos Data files: D:\mybatis-plus-demo\nacos-server-1.1.4\nacos/data/

2021-04-01 14:00:59,106 INFO Nacos started successfully in stand alone mode.

2021-04-01 14:01:01,274 INFO Initializing Spring DispatcherServlet 'dispatcherServlet'

2021-04-01 14:01:01,274 INFO Initializing Servlet 'dispatcherServlet'

2021-04-01 14:01:01,327 INFO Completed initialization in 51 ms

2021-04-01 14:10:52,018 INFO [capacityManagement] start correct usage

2021-04-01 14:10:53,310 WARN clearConfigHistory start

2021-04-01 14:10:56,756 INFO [capacityManagement] end correct usage, cost: 4s

2021-04-01 14:20:56,592 WARN clearConfigHistory start

2021-04-01 14:20:56,860 INFO [capacityManagement] start correct usage

2021-04-01 14:20:56,861 INFO [capacityManagement] end correct usage, cost: 0s

2021-04-01 14:30:56,662 WARN clearConfigHistory start

2021-04-01 14:30:56,922 INFO [capacityManagement] start correct usage

2021-04-01 14:30:56,922 INFO [capacityManagement] end correct usage, cost: 0s

2021-04-01 14:40:56,715 WARN clearConfigHistory start

2021-04-01 14:40:56,955 INFO [capacityManagement] start correct usage

2021-04-01 14:40:56,985 INFO [capacityManagement] end correct usage, cost: 0s

2021-04-01 14:50:56,774 WARN clearConfigHistory start

2021-04-01 14:50:57,044 INFO [capacityManagement] start correct usage

2021-04-01 14:50:57,044 INFO [capacityManagement] end correct usage, cost: 0s

2021-04-01 15:00:56,848 WARN clearConfigHistory start

2021-04-01 15:00:57,070 INFO [capacityManagement] start correct usage

2021-04-01 15:00:57,071 INFO [capacityManagement] end correct usage, cost: 0s

2021-04-01 15:10:56,851 WARN clearConfigHistory start

2021-04-01 15:10:57,060 INFO [capacityManagement] start correct usage

2021-04-01 15:10:57,061 INFO [capacityManagement] end correct usage, cost: 0s

2021-04-01 15:20:56,843 WARN clearConfigHistory start

2021-04-01 15:20:57,051 INFO [capacityManagement] start correct usage

2021-04-01 15:20:57,065 INFO [capacityManagement] end correct usage, cost: 0s

2021-04-01 15:30:56,846 WARN clearConfigHistory start

2021-04-01 15:30:57,067 INFO [capacityManagement] start correct usage

2021-04-01 15:30:57,068 INFO [capacityManagement] end correct usage, cost: 0s

2021-04-01 15:40:56,854 WARN clearConfigHistory start

2021-04-01 15:40:57,075 INFO [capacityManagement] start correct usage

2021-04-01 15:40:57,082 INFO [capacityManagement] end correct usage, cost: 0s

2021-04-01 15:50:56,856 WARN clearConfigHistory start

2021-04-01 15:50:57,066 INFO [capacityManagement] start correct usage

2021-04-01 15:50:57,066 INFO [capacityManagement] end correct usage, cost: 0s

2021-04-01 16:00:56,946 WARN clearConfigHistory start

2021-04-01 16:00:57,091 INFO [capacityManagement] start correct usage

2021-04-01 16:00:57,093 INFO [capacityManagement] end correct usage, cost: 0s

2021-04-01 16:10:56,946 WARN clearConfigHistory start

2021-04-01 16:10:57,092 INFO [capacityManagement] start correct usage

2021-04-01 16:10:57,093 INFO [capacityManagement] end correct usage, cost: 0s

2021-04-01 16:20:56,957 WARN clearConfigHistory start

2021-04-01 16:20:57,102 INFO [capacityManagement] start correct usage

2021-04-01 16:20:57,103 INFO [capacityManagement] end correct usage, cost: 0s

