2021-04-01 01:22:10,512 INFO PERFORMANCE:|4|0|-1|-1

2021-04-01 01:27:19,169 INFO PERFORMANCE:|4|0|-1|-1

2021-04-01 01:32:19,960 INFO PERFORMANCE:|4|0|-1|-1

2021-04-01 01:37:20,237 INFO PERFORMANCE:|4|0|-1|-1

2021-04-01 01:42:20,318 INFO PERFORMANCE:|4|0|-1|-1

2021-04-01 01:47:20,350 INFO PERFORMANCE:|4|0|-1|-1

2021-04-01 02:06:08,506 INFO PERFORMANCE:|4|0|-1|-1

2021-04-01 02:11:08,008 INFO PERFORMANCE:|4|0|-1|-1

2021-04-01 02:16:07,734 INFO PERFORMANCE:|4|0|-1|-1

2021-04-01 02:21:07,640 INFO PERFORMANCE:|4|0|-1|-1

2021-04-01 02:26:07,606 INFO PERFORMANCE:|4|0|-1|-1

2021-04-01 02:31:07,593 INFO PERFORMANCE:|4|0|-1|-1

2021-04-01 02:36:07,578 INFO PERFORMANCE:|4|0|-1|-1

2021-04-01 02:43:46,501 INFO PERFORMANCE:|4|0|-1|-1

2021-04-01 02:48:46,874 INFO PERFORMANCE:|4|0|-1|-1

2021-04-01 02:53:47,036 INFO PERFORMANCE:|4|0|-1|-1

2021-04-01 02:58:47,091 INFO PERFORMANCE:|4|0|-1|-1

2021-04-01 03:03:47,110 INFO PERFORMANCE:|4|0|-1|-1

2021-04-01 03:08:47,127 INFO PERFORMANCE:|4|0|-1|-1

2021-04-01 04:11:34,507 INFO PERFORMANCE:|4|0|-1|-1

2021-04-01 04:16:31,694 INFO PERFORMANCE:|4|0|-1|-1

2021-04-01 04:21:30,211 INFO PERFORMANCE:|4|0|-1|-1

2021-04-01 04:26:29,671 INFO PERFORMANCE:|4|0|-1|-1

2021-04-01 04:31:29,518 INFO PERFORMANCE:|4|0|-1|-1

2021-04-01 04:36:29,471 INFO PERFORMANCE:|4|0|-1|-1

2021-04-01 04:41:29,458 INFO PERFORMANCE:|4|0|-1|-1

2021-04-01 04:46:29,441 INFO PERFORMANCE:|4|0|-1|-1

2021-04-01 04:51:29,402 INFO PERFORMANCE:|4|0|-1|-1

2021-04-01 05:24:13,505 INFO PERFORMANCE:|4|0|-1|-1

2021-04-01 05:29:16,143 INFO PERFORMANCE:|4|0|-1|-1

2021-04-01 05:34:17,524 INFO PERFORMANCE:|4|0|-1|-1

2021-04-01 05:39:18,029 INFO PERFORMANCE:|4|0|-1|-1

2021-04-01 05:44:18,172 INFO PERFORMANCE:|4|0|-1|-1

2021-04-01 05:49:18,221 INFO PERFORMANCE:|4|0|-1|-1

2021-04-01 09:03:24,520 INFO PERFORMANCE:|4|0|-1|-1

2021-04-01 09:08:21,178 INFO PERFORMANCE:|4|0|-1|-1

2021-04-01 09:13:19,635 INFO PERFORMANCE:|4|0|-1|-1

2021-04-01 09:18:19,066 INFO PERFORMANCE:|4|0|-1|-1

2021-04-01 09:23:18,922 INFO PERFORMANCE:|4|0|-1|-1

2021-04-01 09:28:18,864 INFO PERFORMANCE:|4|0|-1|-1

2021-04-01 09:33:18,836 INFO PERFORMANCE:|4|0|-1|-1

2021-04-01 09:38:18,819 INFO PERFORMANCE:|4|1|-1|-1

2021-04-01 09:43:18,780 INFO PERFORMANCE:|4|4|-1|-1

2021-04-01 09:48:18,767 INFO PERFORMANCE:|4|4|-1|-1

2021-04-01 09:53:18,754 INFO PERFORMANCE:|4|4|-1|-1

2021-04-01 09:58:18,741 INFO PERFORMANCE:|4|4|-1|-1

2021-04-01 10:03:18,728 INFO PERFORMANCE:|4|4|-1|-1

2021-04-01 10:08:18,715 INFO PERFORMANCE:|4|4|-1|-1

2021-04-01 10:13:18,738 INFO PERFORMANCE:|4|3|-1|-1

2021-04-01 10:18:18,725 INFO PERFORMANCE:|4|3|-1|-1

2021-04-01 10:23:18,721 INFO PERFORMANCE:|4|4|-1|-1

2021-04-01 10:28:18,708 INFO PERFORMANCE:|4|4|-1|-1

2021-04-01 10:33:18,720 INFO PERFORMANCE:|4|4|-1|-1

2021-04-01 10:38:18,712 INFO PERFORMANCE:|4|4|-1|-1

2021-04-01 10:43:18,699 INFO PERFORMANCE:|4|4|-1|-1

2021-04-01 10:48:18,686 INFO PERFORMANCE:|4|4|-1|-1

2021-04-01 10:53:18,673 INFO PERFORMANCE:|4|4|-1|-1

2021-04-01 10:58:18,660 INFO PERFORMANCE:|4|4|-1|-1

2021-04-01 11:03:18,649 INFO PERFORMANCE:|4|4|-1|-1

2021-04-01 11:08:18,666 INFO PERFORMANCE:|4|4|-1|-1

2021-04-01 11:13:18,681 INFO PERFORMANCE:|4|4|-1|-1

2021-04-01 11:18:18,668 INFO PERFORMANCE:|4|4|-1|-1

2021-04-01 11:23:18,665 INFO PERFORMANCE:|4|4|-1|-1

2021-04-01 11:28:18,651 INFO PERFORMANCE:|4|4|-1|-1

2021-04-01 11:33:18,638 INFO PERFORMANCE:|4|4|-1|-1

2021-04-01 11:38:18,632 INFO PERFORMANCE:|4|4|-1|-1

2021-04-01 11:43:18,649 INFO PERFORMANCE:|4|4|-1|-1

2021-04-01 11:48:18,659 INFO PERFORMANCE:|4|4|-1|-1

2021-04-01 11:53:18,646 INFO PERFORMANCE:|4|4|-1|-1

2021-04-01 11:58:18,633 INFO PERFORMANCE:|4|4|-1|-1

2021-04-01 12:03:18,620 INFO PERFORMANCE:|4|4|-1|-1

2021-04-01 12:08:18,651 INFO PERFORMANCE:|4|4|-1|-1

2021-04-01 12:13:18,650 INFO PERFORMANCE:|4|4|-1|-1

2021-04-01 12:18:18,667 INFO PERFORMANCE:|4|4|-1|-1

2021-04-01 12:23:18,672 INFO PERFORMANCE:|4|4|-1|-1

2021-04-01 12:28:18,659 INFO PERFORMANCE:|4|4|-1|-1

2021-04-01 12:33:18,646 INFO PERFORMANCE:|4|4|-1|-1

2021-04-01 12:38:18,633 INFO PERFORMANCE:|4|4|-1|-1

2021-04-01 12:43:18,620 INFO PERFORMANCE:|4|4|-1|-1

2021-04-01 12:48:18,607 INFO PERFORMANCE:|4|4|-1|-1

2021-04-01 12:53:18,594 INFO PERFORMANCE:|4|4|-1|-1

2021-04-01 12:58:18,582 INFO PERFORMANCE:|4|4|-1|-1

2021-04-01 13:18:44,502 INFO PERFORMANCE:|4|4|-1|-1

2021-04-01 13:23:47,865 INFO PERFORMANCE:|4|4|-1|-1

2021-04-01 13:28:49,753 INFO PERFORMANCE:|4|4|-1|-1

2021-04-01 13:33:50,435 INFO PERFORMANCE:|4|4|-1|-1

2021-04-01 13:38:50,661 INFO PERFORMANCE:|4|4|-1|-1

2021-04-01 13:43:50,766 INFO PERFORMANCE:|4|4|-1|-1

2021-04-01 13:48:50,802 INFO PERFORMANCE:|4|4|-1|-1

2021-04-01 14:01:21,949 INFO PERFORMANCE:|0|0|-1|-1

2021-04-01 14:06:23,015 INFO PERFORMANCE:|4|4|-1|-1

2021-04-01 14:11:23,423 INFO PERFORMANCE:|4|4|-1|-1

2021-04-01 14:16:23,507 INFO PERFORMANCE:|4|4|-1|-1

2021-04-01 14:21:23,517 INFO PERFORMANCE:|4|4|-1|-1

2021-04-01 14:26:23,557 INFO PERFORMANCE:|4|3|-1|-1

2021-04-01 14:31:23,559 INFO PERFORMANCE:|4|3|-1|-1

2021-04-01 14:36:23,605 INFO PERFORMANCE:|4|3|-1|-1

2021-04-01 14:41:23,601 INFO PERFORMANCE:|4|3|-1|-1

2021-04-01 14:46:23,603 INFO PERFORMANCE:|4|3|-1|-1

2021-04-01 14:51:23,667 INFO PERFORMANCE:|4|3|-1|-1

2021-04-01 14:56:23,671 INFO PERFORMANCE:|4|3|-1|-1

2021-04-01 15:01:23,690 INFO PERFORMANCE:|4|3|-1|-1

2021-04-01 15:06:23,686 INFO PERFORMANCE:|4|3|-1|-1

2021-04-01 15:11:23,677 INFO PERFORMANCE:|4|3|-1|-1

2021-04-01 15:16:23,668 INFO PERFORMANCE:|4|3|-1|-1

2021-04-01 15:21:23,670 INFO PERFORMANCE:|4|3|-1|-1

2021-04-01 15:26:23,680 INFO PERFORMANCE:|4|3|-1|-1

2021-04-01 15:31:23,671 INFO PERFORMANCE:|4|3|-1|-1

2021-04-01 15:36:23,661 INFO PERFORMANCE:|4|3|-1|-1

2021-04-01 15:41:23,682 INFO PERFORMANCE:|4|3|-1|-1

2021-04-01 15:46:23,673 INFO PERFORMANCE:|4|3|-1|-1

2021-04-01 15:51:23,664 INFO PERFORMANCE:|4|3|-1|-1

2021-04-01 15:56:23,672 INFO PERFORMANCE:|4|2|-1|-1

2021-04-01 16:01:23,693 INFO PERFORMANCE:|4|3|-1|-1

2021-04-01 16:06:23,697 INFO PERFORMANCE:|4|3|-1|-1

2021-04-01 16:11:23,693 INFO PERFORMANCE:|4|3|-1|-1

2021-04-01 16:16:23,709 INFO PERFORMANCE:|4|3|-1|-1

2021-04-01 16:21:23,700 INFO PERFORMANCE:|4|3|-1|-1

